1597343674632	geckodriver	INFO	Listening on 127.0.0.1:52083
1597343677647	mozrunner::runner	INFO	Running command: "C:\\Program Files\\Mozilla Firefox\\firefox.exe" "--marionette" "-headless" "-foreground" "-no-remote" "-profile" "C:\\Users\\ARESCH~1\\AppData\\Local\\Temp\\rust_mozprofilerxVw3K"
*** You are running in headless mode.
JavaScript error: resource://gre/modules/XULStore.jsm, line 66: Error: Can't find profile directory.
console.error: SearchCache: "_readCacheFile: Error reading cache file:" (new Error("", "(unknown module)"))
1597343678837	Marionette	INFO	Listening on port 52091
1597343679151	Marionette	WARN	TLS certificate errors will be ignored for this session
JavaScript error: , line 0: uncaught exception: undefined
JavaScript warning: https://pagead2.googlesyndication.com/bg/521PoRGnh7h8BVOMyCpHrhejufpyvF5vdQBdJpCoVT0.js line 1 > Function line 3 > eval line 1 > eval, line 1: WebGL warning: <Create>: Can't use WebGL in headless mode (https://bugzil.la/1375585).
JavaScript warning: https://pagead2.googlesyndication.com/bg/521PoRGnh7h8BVOMyCpHrhejufpyvF5vdQBdJpCoVT0.js line 1 > Function line 3 > eval line 1 > eval, line 1: Failed to create WebGL context: WebGL creation failed: 
* Can't use WebGL in headless mode (https://bugzil.la/1375585).
1597343685357	Marionette	INFO	Stopped listening on port 52091
1597343685784	geckodriver	INFO	Listening on 127.0.0.1:52152
1597343688790	mozrunner::runner	INFO	Running command: "C:\\Program Files\\Mozilla Firefox\\firefox.exe" "--marionette" "-headless" "-foreground" "-no-remote" "-profile" "C:\\Users\\ARESCH~1\\AppData\\Local\\Temp\\rust_mozprofileoiEUGy"
*** You are running in headless mode.
JavaScript error: resource://gre/modules/XULStore.jsm, line 66: Error: Can't find profile directory.
console.error: SearchCache: "_readCacheFile: Error reading cache file:" (new Error("", "(unknown module)"))
1597343689987	Marionette	INFO	Listening on port 52160
1597343690310	Marionette	WARN	TLS certificate errors will be ignored for this session
1597343694016	Marionette	INFO	Stopped listening on port 52160
1597343694431	geckodriver	INFO	Listening on 127.0.0.1:52220
1597343697437	mozrunner::runner	INFO	Running command: "C:\\Program Files\\Mozilla Firefox\\firefox.exe" "--marionette" "-headless" "-foreground" "-no-remote" "-profile" "C:\\Users\\ARESCH~1\\AppData\\Local\\Temp\\rust_mozprofile6sTqYd"
*** You are running in headless mode.
JavaScript error: resource://gre/modules/XULStore.jsm, line 66: Error: Can't find profile directory.
console.error: SearchCache: "_readCacheFile: Error reading cache file:" (new Error("", "(unknown module)"))
1597343698606	Marionette	INFO	Listening on port 52229
1597343698962	Marionette	WARN	TLS certificate errors will be ignored for this session
1597343701567	Marionette	INFO	Stopped listening on port 52229
JavaScript error: , line 0: uncaught exception: undefined
1597343701982	geckodriver	INFO	Listening on 127.0.0.1:52285
1597343704999	mozrunner::runner	INFO	Running command: "C:\\Program Files\\Mozilla Firefox\\firefox.exe" "--marionette" "-headless" "-foreground" "-no-remote" "-profile" "C:\\Users\\ARESCH~1\\AppData\\Local\\Temp\\rust_mozprofileHDwjCs"
*** You are running in headless mode.
JavaScript error: resource://gre/modules/XULStore.jsm, line 66: Error: Can't find profile directory.
console.error: SearchCache: "_readCacheFile: Error reading cache file:" (new Error("", "(unknown module)"))
1597343706181	Marionette	INFO	Listening on port 52293
1597343706503	Marionette	WARN	TLS certificate errors will be ignored for this session
JavaScript warning: https://pagead2.googlesyndication.com/bg/521PoRGnh7h8BVOMyCpHrhejufpyvF5vdQBdJpCoVT0.js line 1 > Function line 3 > eval line 1 > eval, line 1: WebGL warning: <Create>: Can't use WebGL in headless mode (https://bugzil.la/1375585).
JavaScript warning: https://pagead2.googlesyndication.com/bg/521PoRGnh7h8BVOMyCpHrhejufpyvF5vdQBdJpCoVT0.js line 1 > Function line 3 > eval line 1 > eval, line 1: Failed to create WebGL context: WebGL creation failed: 
* Can't use WebGL in headless mode (https://bugzil.la/1375585).
1597343709260	Marionette	INFO	Stopped listening on port 52293
1597343709778	geckodriver	INFO	Listening on 127.0.0.1:52354
1597343712786	mozrunner::runner	INFO	Running command: "C:\\Program Files\\Mozilla Firefox\\firefox.exe" "--marionette" "-headless" "-foreground" "-no-remote" "-profile" "C:\\Users\\ARESCH~1\\AppData\\Local\\Temp\\rust_mozprofilePPYBpB"
*** You are running in headless mode.
JavaScript error: resource://gre/modules/XULStore.jsm, line 66: Error: Can't find profile directory.
console.error: SearchCache: "_readCacheFile: Error reading cache file:" (new Error("", "(unknown module)"))
1597343713987	Marionette	INFO	Listening on port 52362
1597343714291	Marionette	WARN	TLS certificate errors will be ignored for this session
JavaScript warning: https://pagead2.googlesyndication.com/bg/521PoRGnh7h8BVOMyCpHrhejufpyvF5vdQBdJpCoVT0.js line 1 > Function line 3 > eval line 1 > eval, line 1: WebGL warning: <Create>: Can't use WebGL in headless mode (https://bugzil.la/1375585).
JavaScript warning: https://pagead2.googlesyndication.com/bg/521PoRGnh7h8BVOMyCpHrhejufpyvF5vdQBdJpCoVT0.js line 1 > Function line 3 > eval line 1 > eval, line 1: Failed to create WebGL context: WebGL creation failed: 
* Can't use WebGL in headless mode (https://bugzil.la/1375585).
1597343718300	Marionette	INFO	Stopped listening on port 52362
1597343718720	geckodriver	INFO	Listening on 127.0.0.1:52426
1597343721738	mozrunner::runner	INFO	Running command: "C:\\Program Files\\Mozilla Firefox\\firefox.exe" "--marionette" "-headless" "-foreground" "-no-remote" "-profile" "C:\\Users\\ARESCH~1\\AppData\\Local\\Temp\\rust_mozprofile5riJpD"
*** You are running in headless mode.
JavaScript error: resource://gre/modules/XULStore.jsm, line 66: Error: Can't find profile directory.
console.error: SearchCache: "_readCacheFile: Error reading cache file:" (new Error("", "(unknown module)"))
1597343722935	Marionette	INFO	Listening on port 52434
1597343723241	Marionette	WARN	TLS certificate errors will be ignored for this session
JavaScript error: , line 0: uncaught exception: undefined
JavaScript warning: https://pagead2.googlesyndication.com/bg/521PoRGnh7h8BVOMyCpHrhejufpyvF5vdQBdJpCoVT0.js line 1 > Function line 3 > eval line 1 > eval, line 1: WebGL warning: <Create>: Can't use WebGL in headless mode (https://bugzil.la/1375585).
JavaScript warning: https://pagead2.googlesyndication.com/bg/521PoRGnh7h8BVOMyCpHrhejufpyvF5vdQBdJpCoVT0.js line 1 > Function line 3 > eval line 1 > eval, line 1: Failed to create WebGL context: WebGL creation failed: 
* Can't use WebGL in headless mode (https://bugzil.la/1375585).
1597343773948	Marionette	INFO	Stopped listening on port 52434
1597343774379	geckodriver	INFO	Listening on 127.0.0.1:52819
1597343777386	mozrunner::runner	INFO	Running command: "C:\\Program Files\\Mozilla Firefox\\firefox.exe" "--marionette" "-headless" "-foreground" "-no-remote" "-profile" "C:\\Users\\ARESCH~1\\AppData\\Local\\Temp\\rust_mozprofileY8MVGi"
*** You are running in headless mode.
JavaScript error: resource://gre/modules/XULStore.jsm, line 66: Error: Can't find profile directory.
console.error: SearchCache: "_readCacheFile: Error reading cache file:" (new Error("", "(unknown module)"))
1597343778550	Marionette	INFO	Listening on port 52827
1597343778892	Marionette	WARN	TLS certificate errors will be ignored for this session
JavaScript error: , line 0: uncaught exception: undefined
1597343785112	Marionette	INFO	Stopped listening on port 52827
1597343785653	geckodriver	INFO	Listening on 127.0.0.1:52903
1597343788659	mozrunner::runner	INFO	Running command: "C:\\Program Files\\Mozilla Firefox\\firefox.exe" "--marionette" "-headless" "-foreground" "-no-remote" "-profile" "C:\\Users\\ARESCH~1\\AppData\\Local\\Temp\\rust_mozprofileaddwRc"
*** You are running in headless mode.
JavaScript error: resource://gre/modules/XULStore.jsm, line 66: Error: Can't find profile directory.
console.error: SearchCache: "_readCacheFile: Error reading cache file:" (new Error("", "(unknown module)"))
1597343789840	Marionette	INFO	Listening on port 52911
1597343790164	Marionette	WARN	TLS certificate errors will be ignored for this session
1597343790863	Marionette	INFO	Stopped listening on port 52911
1597343791260	geckodriver	INFO	Listening on 127.0.0.1:52948
1597343794265	mozrunner::runner	INFO	Running command: "C:\\Program Files\\Mozilla Firefox\\firefox.exe" "--marionette" "-headless" "-foreground" "-no-remote" "-profile" "C:\\Users\\ARESCH~1\\AppData\\Local\\Temp\\rust_mozprofileIZPFkT"
*** You are running in headless mode.
JavaScript error: resource://gre/modules/XULStore.jsm, line 66: Error: Can't find profile directory.
console.error: SearchCache: "_readCacheFile: Error reading cache file:" (new Error("", "(unknown module)"))
1597343795441	Marionette	INFO	Listening on port 52956
1597343795775	Marionette	WARN	TLS certificate errors will be ignored for this session
JavaScript error: , line 0: uncaught exception: undefined
JavaScript warning: https://pagead2.googlesyndication.com/bg/521PoRGnh7h8BVOMyCpHrhejufpyvF5vdQBdJpCoVT0.js line 1 > Function line 3 > eval, line 1: WebGL warning: <Create>: Can't use WebGL in headless mode (https://bugzil.la/1375585).
JavaScript warning: https://pagead2.googlesyndication.com/bg/521PoRGnh7h8BVOMyCpHrhejufpyvF5vdQBdJpCoVT0.js line 1 > Function line 3 > eval, line 1: Failed to create WebGL context: WebGL creation failed: 
* Can't use WebGL in headless mode (https://bugzil.la/1375585).
1597343800506	Marionette	INFO	Stopped listening on port 52956
1597343801032	geckodriver	INFO	Listening on 127.0.0.1:53020
1597343804038	mozrunner::runner	INFO	Running command: "C:\\Program Files\\Mozilla Firefox\\firefox.exe" "--marionette" "-headless" "-foreground" "-no-remote" "-profile" "C:\\Users\\ARESCH~1\\AppData\\Local\\Temp\\rust_mozprofilemVlCAa"
*** You are running in headless mode.
JavaScript error: resource://gre/modules/XULStore.jsm, line 66: Error: Can't find profile directory.
console.error: SearchCache: "_readCacheFile: Error reading cache file:" (new Error("", "(unknown module)"))
1597343805241	Marionette	INFO	Listening on port 53028
1597343805542	Marionette	WARN	TLS certificate errors will be ignored for this session
JavaScript warning: https://pagead2.googlesyndication.com/bg/521PoRGnh7h8BVOMyCpHrhejufpyvF5vdQBdJpCoVT0.js line 1 > Function line 3 > eval line 1 > eval, line 1: WebGL warning: <Create>: Can't use WebGL in headless mode (https://bugzil.la/1375585).
JavaScript warning: https://pagead2.googlesyndication.com/bg/521PoRGnh7h8BVOMyCpHrhejufpyvF5vdQBdJpCoVT0.js line 1 > Function line 3 > eval line 1 > eval, line 1: Failed to create WebGL context: WebGL creation failed: 
* Can't use WebGL in headless mode (https://bugzil.la/1375585).
1597343808765	Marionette	INFO	Stopped listening on port 53028
1597343809285	geckodriver	INFO	Listening on 127.0.0.1:53089
1597343812291	mozrunner::runner	INFO	Running command: "C:\\Program Files\\Mozilla Firefox\\firefox.exe" "--marionette" "-headless" "-foreground" "-no-remote" "-profile" "C:\\Users\\ARESCH~1\\AppData\\Local\\Temp\\rust_mozprofilewvS1zO"
*** You are running in headless mode.
JavaScript error: resource://gre/modules/XULStore.jsm, line 66: Error: Can't find profile directory.
console.error: SearchCache: "_readCacheFile: Error reading cache file:" (new Error("", "(unknown module)"))
1597343813470	Marionette	INFO	Listening on port 53097
1597343813796	Marionette	WARN	TLS certificate errors will be ignored for this session
JavaScript warning: https://pagead2.googlesyndication.com/bg/521PoRGnh7h8BVOMyCpHrhejufpyvF5vdQBdJpCoVT0.js line 1 > Function line 3 > eval line 1 > eval, line 1: WebGL warning: <Create>: Can't use WebGL in headless mode (https://bugzil.la/1375585).
JavaScript warning: https://pagead2.googlesyndication.com/bg/521PoRGnh7h8BVOMyCpHrhejufpyvF5vdQBdJpCoVT0.js line 1 > Function line 3 > eval line 1 > eval, line 1: Failed to create WebGL context: WebGL creation failed: 
* Can't use WebGL in headless mode (https://bugzil.la/1375585).
1597343817355	Marionette	INFO	Stopped listening on port 53097
1597343817877	geckodriver	INFO	Listening on 127.0.0.1:53160
1597343820884	mozrunner::runner	INFO	Running command: "C:\\Program Files\\Mozilla Firefox\\firefox.exe" "--marionette" "-headless" "-foreground" "-no-remote" "-profile" "C:\\Users\\ARESCH~1\\AppData\\Local\\Temp\\rust_mozprofileeLPmGf"
*** You are running in headless mode.
JavaScript error: resource://gre/modules/XULStore.jsm, line 66: Error: Can't find profile directory.
console.error: SearchCache: "_readCacheFile: Error reading cache file:" (new Error("", "(unknown module)"))
1597343822108	Marionette	INFO	Listening on port 53168
1597343822387	Marionette	WARN	TLS certificate errors will be ignored for this session
JavaScript error: , line 0: uncaught exception: undefined
JavaScript warning: https://pagead2.googlesyndication.com/bg/521PoRGnh7h8BVOMyCpHrhejufpyvF5vdQBdJpCoVT0.js line 1 > Function line 3 > eval line 1 > eval, line 1: WebGL warning: <Create>: Can't use WebGL in headless mode (https://bugzil.la/1375585).
JavaScript warning: https://pagead2.googlesyndication.com/bg/521PoRGnh7h8BVOMyCpHrhejufpyvF5vdQBdJpCoVT0.js line 1 > Function line 3 > eval line 1 > eval, line 1: Failed to create WebGL context: WebGL creation failed: 
* Can't use WebGL in headless mode (https://bugzil.la/1375585).
1597343827394	Marionette	INFO	Stopped listening on port 53168
